<?xml version="1.0" encoding="UTF-8"?>
<!-- Generated by org.testng.reporters.JUnitReportReporter -->
<testsuite hostname="IPPRAKASHKUMAR" name="se.test.MiTvAppTest.ReminderTestCases" tests="2" failures="0" timestamp="15 Sep 2014 04:25:09 GMT" time="193.142" errors="0">
  <testcase name="test_1SplashScreen" time="7.209" classname="se.test.MiTvAppTest.ReminderTestCases"/>
  <testcase name="test_2SportsReminder" time="185.933" classname="se.test.MiTvAppTest.ReminderTestCases"/>
</testsuite> <!-- se.test.MiTvAppTest.ReminderTestCases -->
