<?xml version="1.0" encoding="UTF-8"?>
<!-- Generated by org.testng.reporters.JUnitReportReporter -->
<testsuite hostname="IPPRAKASHKUMAR" name="se.test.MiTvAppTest.AndroidApp" tests="9" failures="0" timestamp="11 Sep 2014 04:33:07 GMT" time="719.540" errors="0">
  <testcase name="test_9homeActivity" time="24.421" classname="se.test.MiTvAppTest.AndroidApp"/>
  <testcase name="test_6DragAndDrop" time="180.802" classname="se.test.MiTvAppTest.AndroidApp"/>
  <testcase name="test_8ResetPassword" time="119.165" classname="se.test.MiTvAppTest.AndroidApp"/>
  <testcase name="test_5SportsReminder" time="170.524" classname="se.test.MiTvAppTest.AndroidApp"/>
  <testcase name="test_2RegisterNewUser" time="87.736" classname="se.test.MiTvAppTest.AndroidApp"/>
  <testcase name="test_3VerifyDates" time="9.683" classname="se.test.MiTvAppTest.AndroidApp"/>
  <testcase name="test_4MovieIcon" time="6.157" classname="se.test.MiTvAppTest.AndroidApp"/>
  <testcase name="test_7Activity" time="113.095" classname="se.test.MiTvAppTest.AndroidApp"/>
  <testcase name="test_1SplashScreen" time="7.957" classname="se.test.MiTvAppTest.AndroidApp"/>
</testsuite> <!-- se.test.MiTvAppTest.AndroidApp -->
