<?xml version="1.0" encoding="UTF-8"?>
<!-- Generated by org.testng.reporters.JUnitReportReporter -->
<testsuite hostname="IPPRAKASHKUMAR" name="se.test.MiTvAppTest.ActivitiesTestCase" tests="2" failures="0" timestamp="15 Sep 2014 04:25:09 GMT" time="128.142" errors="0">
  <testcase name="test_2Activity" time="120.394" classname="se.test.MiTvAppTest.ActivitiesTestCase"/>
  <testcase name="test_1SplashScreen" time="7.748" classname="se.test.MiTvAppTest.ActivitiesTestCase"/>
</testsuite> <!-- se.test.MiTvAppTest.ActivitiesTestCase -->
