<?xml version="1.0" encoding="UTF-8"?>
<!-- Generated by org.testng.reporters.JUnitReportReporter -->
<testsuite hostname="IPPRAKASHKUMAR" name="se.test.MiTvAppTest.RegisterNewUser" tests="4" failures="0" timestamp="15 Sep 2014 04:25:09 GMT" time="112.962" errors="0">
  <testcase name="test_2RegisterNewUser" time="87.968" classname="se.test.MiTvAppTest.RegisterNewUser"/>
  <testcase name="test_3VerifyDates" time="10.825" classname="se.test.MiTvAppTest.RegisterNewUser"/>
  <testcase name="test_4MovieIcon" time="5.437" classname="se.test.MiTvAppTest.RegisterNewUser"/>
  <testcase name="test_1SplashScreen" time="8.732" classname="se.test.MiTvAppTest.RegisterNewUser"/>
</testsuite> <!-- se.test.MiTvAppTest.RegisterNewUser -->
