<?xml version="1.0" encoding="UTF-8"?>
<!-- Generated by org.testng.reporters.JUnitReportReporter -->
<testsuite hostname="IPPRAKASHKUMAR" name="se.test.MiTvAppTest.ResetPassword" tests="2" failures="0" timestamp="15 Sep 2014 04:25:09 GMT" time="130.073" errors="0">
  <testcase name="test_2ResetPassword" time="121.749" classname="se.test.MiTvAppTest.ResetPassword"/>
  <testcase name="test_1SplashScreen" time="8.324" classname="se.test.MiTvAppTest.ResetPassword"/>
</testsuite> <!-- se.test.MiTvAppTest.ResetPassword -->
