<?xml version="1.0" encoding="UTF-8"?>
<!-- Generated by org.testng.reporters.JUnitReportReporter -->
<testsuite hostname="IPPRAKASHKUMAR" name="se.test.MiTvAppTest.DragDropChannelTestCase" tests="2" failures="0" timestamp="15 Sep 2014 04:25:09 GMT" time="231.658" errors="0">
  <testcase name="test_2DragAndDrop" time="222.980" classname="se.test.MiTvAppTest.DragDropChannelTestCase"/>
  <testcase name="test_1SplashScreen" time="8.678" classname="se.test.MiTvAppTest.DragDropChannelTestCase"/>
</testsuite> <!-- se.test.MiTvAppTest.DragDropChannelTestCase -->
