<?xml version="1.0" encoding="UTF-8"?>
<!-- Generated by org.testng.reporters.JUnitReportReporter -->
<testsuite hostname="IPPRAKASHKUMAR" name="se.test.MiTvAppTest.HomeActivitiesTestCase" tests="2" failures="0" timestamp="15 Sep 2014 04:25:09 GMT" time="37.334" errors="0">
  <testcase name="test_1SplashScreen" time="7.116" classname="se.test.MiTvAppTest.HomeActivitiesTestCase"/>
  <testcase name="test_2homeActivity" time="30.218" classname="se.test.MiTvAppTest.HomeActivitiesTestCase"/>
</testsuite> <!-- se.test.MiTvAppTest.HomeActivitiesTestCase -->
